<?xml version="1.0" encoding="UTF-8"?>
<!-- Generated by org.testng.reporters.JUnitReportReporter -->
<testsuite skipped="0" hostname="LAPTOP-PRKDESPI" name="com.qa.Testcases.TC_LoginTest_001" tests="1" failures="0" timestamp="28 Mar 2019 10:37:59 GMT" time="12.811" errors="0">
  <testcase name="LoginTest" time="12.811" classname="com.qa.Testcases.TC_LoginTest_001"/>
</testsuite> <!-- com.qa.Testcases.TC_LoginTest_001 -->
