<?xml version="1.0" encoding="UTF-8"?>
<!-- Generated by org.testng.reporters.JUnitReportReporter -->
<testsuite skipped="0" hostname="LAPTOP-PRKDESPI" name="com.qa.Testcases.TC_LoginTest_001" tests="1" failures="0" timestamp="09 Apr 2019 09:40:43 GMT" time="13.981" errors="0">
  <testcase name="LoginTest" time="13.981" classname="com.qa.Testcases.TC_LoginTest_001"/>
</testsuite> <!-- com.qa.Testcases.TC_LoginTest_001 -->
