<?xml version="1.0" encoding="UTF-8"?>
<!-- Generated by org.testng.reporters.JUnitReportReporter -->
<testsuite skipped="0" hostname="LAPTOP-PRKDESPI" name="com.qa.Testcases.TC_LoginTest_001" tests="1" failures="0" timestamp="28 Mar 2019 15:30:51 GMT" time="14.407" errors="0">
  <testcase name="LoginTest" time="14.407" classname="com.qa.Testcases.TC_LoginTest_001"/>
</testsuite> <!-- com.qa.Testcases.TC_LoginTest_001 -->
