<?xml version="1.0" encoding="UTF-8"?>
<!-- Generated by org.testng.reporters.JUnitReportReporter -->
<testsuite skipped="0" hostname="LAPTOP-PRKDESPI" name="com.qa.Testcases.TC_LoginTest_001" tests="1" failures="0" timestamp="29 Mar 2019 16:39:15 GMT" time="18.208" errors="0">
  <testcase name="LoginTest" time="18.208" classname="com.qa.Testcases.TC_LoginTest_001"/>
</testsuite> <!-- com.qa.Testcases.TC_LoginTest_001 -->
