<?xml version="1.0" encoding="UTF-8"?>
<!-- Generated by org.testng.reporters.JUnitReportReporter -->
<testsuite skipped="0" hostname="LAPTOP-PRKDESPI" name="com.qa.Testcases.TC_AddCustomer_002" tests="1" failures="0" timestamp="09 Apr 2019 12:01:29 GMT" time="39.574" errors="0">
  <testcase name="addnewcust" time="39.574" classname="com.qa.Testcases.TC_AddCustomer_002"/>
</testsuite> <!-- com.qa.Testcases.TC_AddCustomer_002 -->
